# JRE version: Java(TM) SE Runtime Environment (8.0_121-b13) (build 1.8.0_121-b13)
# Java VM: Java HotSpot(TM) Client VM (25.121-b13 mixed mode windows-x86 )
Heap:
 garbage-first heap   total 1048576K, used 480123K [0x05000000, 0x06000100, 0x45000000)
  region size 16384K, 7 young (114688K), 1 survivors (16384K)
 Metaspace       used 44694K, capacity 53051K, committed 53120K, reserved 53632K
GC Heap History (10 events):
Event: 124.834 GC heap before
{Heap before GC invocations=661 (full 0):
 garbage-first heap   total 1048576K, used 503627K [0x05000000, 0x06000100, 0x45000000)
  region size 16384K, 8 young (131072K), 1 survivors (16384K)
 Metaspace       used 44691K, capacity 53043K, committed 53120K, reserved 53632K
Event: 124.853 GC heap after
Heap after GC invocations=662 (full 0):
 garbage-first heap   total 1048576K, used 391766K [0x05000000, 0x06000100, 0x45000000)
  region size 16384K, 1 young (16384K), 1 survivors (16384K)
 Metaspace       used 44691K, capacity 53043K, committed 53120K, reserved 53632K
}
Event: 125.047 GC heap before
{Heap before GC invocations=662 (full 0):
 garbage-first heap   total 1048576K, used 506454K [0x05000000, 0x06000100, 0x45000000)
  region size 16384K, 8 young (131072K), 1 survivors (16384K)
 Metaspace       used 44691K, capacity 53043K, committed 53120K, reserved 53632K
Event: 125.064 GC heap after
Heap after GC invocations=663 (full 0):
 garbage-first heap   total 1048576K, used 392150K [0x05000000, 0x06000100, 0x45000000)
  region size 16384K, 1 young (16384K), 1 survivors (16384K)
 Metaspace       used 44691K, capacity 53043K, committed 53120K, reserved 53632K
}
Event: 125.406 GC heap before
{Heap before GC invocations=663 (full 0):
 garbage-first heap   total 1048576K, used 506838K [0x05000000, 0x06000100, 0x45000000)
  region size 16384K, 8 young (131072K), 1 survivors (16384K)
 Metaspace       used 44691K, capacity 53043K, committed 53120K, reserved 53632K
Event: 125.423 GC heap after
Heap after GC invocations=664 (full 0):
 garbage-first heap   total 1048576K, used 393556K [0x05000000, 0x06000100, 0x45000000)
  region size 16384K, 1 young (16384K), 1 survivors (16384K)
 Metaspace       used 44691K, capacity 53043K, committed 53120K, reserved 53632K
}
Event: 125.648 GC heap before
{Heap before GC invocations=664 (full 0):
 garbage-first heap   total 1048576K, used 508244K [0x05000000, 0x06000100, 0x45000000)
  region size 16384K, 8 young (131072K), 1 survivors (16384K)
 Metaspace       used 44691K, capacity 53043K, committed 53120K, reserved 53632K
Event: 125.661 GC heap after
Heap after GC invocations=665 (full 0):
 garbage-first heap   total 1048576K, used 393079K [0x05000000, 0x06000100, 0x45000000)
  region size 16384K, 1 young (16384K), 1 survivors (16384K)
 Metaspace       used 44691K, capacity 53043K, committed 53120K, reserved 53632K
}
Event: 126.044 GC heap before
{Heap before GC invocations=665 (full 0):
 garbage-first heap   total 1048576K, used 507767K [0x05000000, 0x06000100, 0x45000000)
  region size 16384K, 8 young (131072K), 1 survivors (16384K)
 Metaspace       used 44691K, capacity 53043K, committed 53120K, reserved 53632K
Event: 126.060 GC heap after
Heap after GC invocations=666 (full 0):
 garbage-first heap   total 1048576K, used 398203K [0x05000000, 0x06000100, 0x45000000)
  region size 16384K, 1 young (16384K), 1 survivors (16384K)
 Metaspace       used 44691K, capacity 53043K, committed 53120K, reserved 53632K
}

