# JRE version: Java(TM) SE Runtime Environment (8.0_121-b13) (build 1.8.0_121-b13)
# Java VM: Java HotSpot(TM) Client VM (25.121-b13 mixed mode windows-x86 )
Heap:
 garbage-first heap   total 1048576K, used 364800K [0x05000000, 0x06000100, 0x45000000)
  region size 16384K, 6 young (98304K), 1 survivors (16384K)
 Metaspace       used 33746K, capacity 39041K, committed 39168K, reserved 39296K
GC Heap History (10 events):
Event: 46.857 GC heap before
{Heap before GC invocations=297 (full 0):
 garbage-first heap   total 1048576K, used 412721K [0x05000000, 0x06000100, 0x45000000)
  region size 16384K, 8 young (131072K), 1 survivors (16384K)
 Metaspace       used 33741K, capacity 39028K, committed 39040K, reserved 39296K
Event: 46.861 GC heap after
Heap after GC invocations=298 (full 0):
 garbage-first heap   total 1048576K, used 297908K [0x05000000, 0x06000100, 0x45000000)
  region size 16384K, 1 young (16384K), 1 survivors (16384K)
 Metaspace       used 33741K, capacity 39028K, committed 39040K, reserved 39296K
}
Event: 47.027 GC heap before
{Heap before GC invocations=298 (full 0):
 garbage-first heap   total 1048576K, used 412596K [0x05000000, 0x06000100, 0x45000000)
  region size 16384K, 9 young (147456K), 1 survivors (16384K)
 Metaspace       used 33741K, capacity 39028K, committed 39040K, reserved 39296K
Event: 47.030 GC heap after
Heap after GC invocations=299 (full 0):
 garbage-first heap   total 1048576K, used 298158K [0x05000000, 0x06000100, 0x45000000)
  region size 16384K, 1 young (16384K), 1 survivors (16384K)
 Metaspace       used 33741K, capacity 39028K, committed 39040K, reserved 39296K
}
Event: 47.168 GC heap before
{Heap before GC invocations=299 (full 0):
 garbage-first heap   total 1048576K, used 412846K [0x05000000, 0x06000100, 0x45000000)
  region size 16384K, 8 young (131072K), 1 survivors (16384K)
 Metaspace       used 33741K, capacity 39028K, committed 39040K, reserved 39296K
Event: 47.173 GC heap after
Heap after GC invocations=300 (full 0):
 garbage-first heap   total 1048576K, used 299500K [0x05000000, 0x06000100, 0x45000000)
  region size 16384K, 1 young (16384K), 1 survivors (16384K)
 Metaspace       used 33741K, capacity 39028K, committed 39040K, reserved 39296K
}
Event: 47.284 GC heap before
{Heap before GC invocations=300 (full 0):
 garbage-first heap   total 1048576K, used 414188K [0x05000000, 0x06000100, 0x45000000)
  region size 16384K, 8 young (131072K), 1 survivors (16384K)
 Metaspace       used 33746K, capacity 39041K, committed 39168K, reserved 39296K
Event: 47.288 GC heap after
Heap after GC invocations=301 (full 0):
 garbage-first heap   total 1048576K, used 299961K [0x05000000, 0x06000100, 0x45000000)
  region size 16384K, 1 young (16384K), 1 survivors (16384K)
 Metaspace       used 33746K, capacity 39041K, committed 39168K, reserved 39296K
}
Event: 47.417 GC heap before
{Heap before GC invocations=301 (full 0):
 garbage-first heap   total 1048576K, used 414649K [0x05000000, 0x06000100, 0x45000000)
  region size 16384K, 8 young (131072K), 1 survivors (16384K)
 Metaspace       used 33746K, capacity 39041K, committed 39168K, reserved 39296K
Event: 47.421 GC heap after
Heap after GC invocations=302 (full 0):
 garbage-first heap   total 1048576K, used 299264K [0x05000000, 0x06000100, 0x45000000)
  region size 16384K, 1 young (16384K), 1 survivors (16384K)
 Metaspace       used 33746K, capacity 39041K, committed 39168K, reserved 39296K
}

