# JRE version: Java(TM) SE Runtime Environment (8.0_121-b13) (build 1.8.0_121-b13)
# Java VM: Java HotSpot(TM) Client VM (25.121-b13 mixed mode windows-x86 )
Heap:
 garbage-first heap   total 1048576K, used 386778K [0x05000000, 0x06000100, 0x45000000)
  region size 16384K, 2 young (32768K), 1 survivors (16384K)
 Metaspace       used 44444K, capacity 52745K, committed 52864K, reserved 53632K
GC Heap History (10 events):
Event: 208.198 GC heap before
{Heap before GC invocations=683 (full 0):
 garbage-first heap   total 1048576K, used 492228K [0x05000000, 0x06000100, 0x45000000)
  region size 16384K, 8 young (131072K), 1 survivors (16384K)
 Metaspace       used 44441K, capacity 52738K, committed 52864K, reserved 53632K
Event: 208.211 GC heap after
Heap after GC invocations=684 (full 0):
 garbage-first heap   total 1048576K, used 381456K [0x05000000, 0x06000100, 0x45000000)
  region size 16384K, 1 young (16384K), 1 survivors (16384K)
 Metaspace       used 44441K, capacity 52738K, committed 52864K, reserved 53632K
}
Event: 208.393 GC heap before
{Heap before GC invocations=684 (full 0):
 garbage-first heap   total 1048576K, used 496144K [0x05000000, 0x06000100, 0x45000000)
  region size 16384K, 9 young (147456K), 1 survivors (16384K)
 Metaspace       used 44441K, capacity 52738K, committed 52864K, reserved 53632K
Event: 208.408 GC heap after
Heap after GC invocations=685 (full 0):
 garbage-first heap   total 1048576K, used 383009K [0x05000000, 0x06000100, 0x45000000)
  region size 16384K, 1 young (16384K), 1 survivors (16384K)
 Metaspace       used 44441K, capacity 52738K, committed 52864K, reserved 53632K
}
Event: 208.662 GC heap before
{Heap before GC invocations=685 (full 0):
 garbage-first heap   total 1048576K, used 497697K [0x05000000, 0x06000100, 0x45000000)
  region size 16384K, 8 young (131072K), 1 survivors (16384K)
 Metaspace       used 44441K, capacity 52738K, committed 52864K, reserved 53632K
Event: 208.675 GC heap after
Heap after GC invocations=686 (full 0):
 garbage-first heap   total 1048576K, used 382407K [0x05000000, 0x06000100, 0x45000000)
  region size 16384K, 1 young (16384K), 1 survivors (16384K)
 Metaspace       used 44441K, capacity 52738K, committed 52864K, reserved 53632K
}
Event: 208.843 GC heap before
{Heap before GC invocations=686 (full 0):
 garbage-first heap   total 1048576K, used 497095K [0x05000000, 0x06000100, 0x45000000)
  region size 16384K, 8 young (131072K), 1 survivors (16384K)
 Metaspace       used 44441K, capacity 52738K, committed 52864K, reserved 53632K
Event: 208.857 GC heap after
Heap after GC invocations=687 (full 0):
 garbage-first heap   total 1048576K, used 379325K [0x05000000, 0x06000100, 0x45000000)
  region size 16384K, 1 young (16384K), 1 survivors (16384K)
 Metaspace       used 44441K, capacity 52738K, committed 52864K, reserved 53632K
}
Event: 209.476 GC heap before
{Heap before GC invocations=687 (full 0):
 garbage-first heap   total 1048576K, used 494013K [0x05000000, 0x06000100, 0x45000000)
  region size 16384K, 8 young (131072K), 1 survivors (16384K)
 Metaspace       used 44441K, capacity 52738K, committed 52864K, reserved 53632K
Event: 209.493 GC heap after
Heap after GC invocations=688 (full 0):
 garbage-first heap   total 1048576K, used 386778K [0x05000000, 0x06000100, 0x45000000)
  region size 16384K, 1 young (16384K), 1 survivors (16384K)
 Metaspace       used 44441K, capacity 52738K, committed 52864K, reserved 53632K
}

