# JRE version: Java(TM) SE Runtime Environment (8.0_121-b13) (build 1.8.0_121-b13)
# Java VM: Java HotSpot(TM) Client VM (25.121-b13 mixed mode windows-x86 )
Heap:
 garbage-first heap   total 1048576K, used 369571K [0x05000000, 0x06000100, 0x45000000)
  region size 16384K, 7 young (114688K), 1 survivors (16384K)
 Metaspace       used 34359K, capacity 39688K, committed 39808K, reserved 40320K
GC Heap History (10 events):
Event: 39.719 GC heap before
{Heap before GC invocations=210 (full 0):
 garbage-first heap   total 1048576K, used 400965K [0x05000000, 0x06000100, 0x45000000)
  region size 16384K, 8 young (131072K), 1 survivors (16384K)
 Metaspace       used 34354K, capacity 39676K, committed 39680K, reserved 40320K
Event: 39.725 GC heap after
Heap after GC invocations=211 (full 0):
 garbage-first heap   total 1048576K, used 287007K [0x05000000, 0x06000100, 0x45000000)
  region size 16384K, 1 young (16384K), 1 survivors (16384K)
 Metaspace       used 34354K, capacity 39676K, committed 39680K, reserved 40320K
}
Event: 39.917 GC heap before
{Heap before GC invocations=211 (full 0):
 garbage-first heap   total 1048576K, used 401695K [0x05000000, 0x06000100, 0x45000000)
  region size 16384K, 8 young (131072K), 1 survivors (16384K)
 Metaspace       used 34354K, capacity 39676K, committed 39680K, reserved 40320K
Event: 39.924 GC heap after
Heap after GC invocations=212 (full 0):
 garbage-first heap   total 1048576K, used 287566K [0x05000000, 0x06000100, 0x45000000)
  region size 16384K, 1 young (16384K), 1 survivors (16384K)
 Metaspace       used 34354K, capacity 39676K, committed 39680K, reserved 40320K
}
Event: 40.259 GC heap before
{Heap before GC invocations=212 (full 0):
 garbage-first heap   total 1048576K, used 402254K [0x05000000, 0x06000100, 0x45000000)
  region size 16384K, 8 young (131072K), 1 survivors (16384K)
 Metaspace       used 34354K, capacity 39676K, committed 39680K, reserved 40320K
Event: 40.265 GC heap after
Heap after GC invocations=213 (full 0):
 garbage-first heap   total 1048576K, used 287220K [0x05000000, 0x06000100, 0x45000000)
  region size 16384K, 1 young (16384K), 1 survivors (16384K)
 Metaspace       used 34354K, capacity 39676K, committed 39680K, reserved 40320K
}
Event: 40.623 GC heap before
{Heap before GC invocations=213 (full 0):
 garbage-first heap   total 1048576K, used 401908K [0x05000000, 0x06000100, 0x45000000)
  region size 16384K, 8 young (131072K), 1 survivors (16384K)
 Metaspace       used 34359K, capacity 39688K, committed 39808K, reserved 40320K
Event: 40.629 GC heap after
Heap after GC invocations=214 (full 0):
 garbage-first heap   total 1048576K, used 288870K [0x05000000, 0x06000100, 0x45000000)
  region size 16384K, 1 young (16384K), 1 survivors (16384K)
 Metaspace       used 34359K, capacity 39688K, committed 39808K, reserved 40320K
}
Event: 40.821 GC heap before
{Heap before GC invocations=214 (full 0):
 garbage-first heap   total 1048576K, used 403558K [0x05000000, 0x06000100, 0x45000000)
  region size 16384K, 8 young (131072K), 1 survivors (16384K)
 Metaspace       used 34359K, capacity 39688K, committed 39808K, reserved 40320K
Event: 40.825 GC heap after
Heap after GC invocations=215 (full 0):
 garbage-first heap   total 1048576K, used 287651K [0x05000000, 0x06000100, 0x45000000)
  region size 16384K, 1 young (16384K), 1 survivors (16384K)
 Metaspace       used 34359K, capacity 39688K, committed 39808K, reserved 40320K
}

