# JRE version: Java(TM) SE Runtime Environment (8.0_121-b13) (build 1.8.0_121-b13)
# Java VM: Java HotSpot(TM) Client VM (25.121-b13 mixed mode windows-x86 )
Heap:
 garbage-first heap   total 966656K, used 333712K [0x05000000, 0x060000ec, 0x45000000)
  region size 16384K, 3 young (49152K), 1 survivors (16384K)
 Metaspace       used 34838K, capacity 40337K, committed 40448K, reserved 41344K
GC Heap History (10 events):
Event: 37.748 GC heap before
{Heap before GC invocations=204 (full 0):
 garbage-first heap   total 966656K, used 430717K [0x05000000, 0x060000ec, 0x45000000)
  region size 16384K, 8 young (131072K), 1 survivors (16384K)
 Metaspace       used 34832K, capacity 40322K, committed 40448K, reserved 41344K
Event: 37.757 GC heap after
Heap after GC invocations=205 (full 0):
 garbage-first heap   total 966656K, used 316068K [0x05000000, 0x060000ec, 0x45000000)
  region size 16384K, 1 young (16384K), 1 survivors (16384K)
 Metaspace       used 34832K, capacity 40322K, committed 40448K, reserved 41344K
}
Event: 37.893 GC heap before
{Heap before GC invocations=205 (full 0):
 garbage-first heap   total 966656K, used 430756K [0x05000000, 0x060000ec, 0x45000000)
  region size 16384K, 8 young (131072K), 1 survivors (16384K)
 Metaspace       used 34832K, capacity 40322K, committed 40448K, reserved 41344K
Event: 37.898 GC heap after
Heap after GC invocations=206 (full 0):
 garbage-first heap   total 966656K, used 315853K [0x05000000, 0x060000ec, 0x45000000)
  region size 16384K, 1 young (16384K), 1 survivors (16384K)
 Metaspace       used 34832K, capacity 40322K, committed 40448K, reserved 41344K
}
Event: 38.046 GC heap before
{Heap before GC invocations=206 (full 0):
 garbage-first heap   total 966656K, used 430541K [0x05000000, 0x060000ec, 0x45000000)
  region size 16384K, 8 young (131072K), 1 survivors (16384K)
 Metaspace       used 34832K, capacity 40322K, committed 40448K, reserved 41344K
Event: 38.052 GC heap after
Heap after GC invocations=207 (full 0):
 garbage-first heap   total 966656K, used 316989K [0x05000000, 0x060000ec, 0x45000000)
  region size 16384K, 1 young (16384K), 1 survivors (16384K)
 Metaspace       used 34832K, capacity 40322K, committed 40448K, reserved 41344K
}
Event: 38.198 GC heap before
{Heap before GC invocations=207 (full 0):
 garbage-first heap   total 966656K, used 431677K [0x05000000, 0x060000ec, 0x45000000)
  region size 16384K, 8 young (131072K), 1 survivors (16384K)
 Metaspace       used 34832K, capacity 40322K, committed 40448K, reserved 41344K
Event: 38.204 GC heap after
Heap after GC invocations=208 (full 0):
 garbage-first heap   total 966656K, used 317580K [0x05000000, 0x060000ec, 0x45000000)
  region size 16384K, 1 young (16384K), 1 survivors (16384K)
 Metaspace       used 34832K, capacity 40322K, committed 40448K, reserved 41344K
}
Event: 38.313 GC heap before
{Heap before GC invocations=208 (full 0):
 garbage-first heap   total 966656K, used 432268K [0x05000000, 0x060000ec, 0x45000000)
  region size 16384K, 8 young (131072K), 1 survivors (16384K)
 Metaspace       used 34832K, capacity 40322K, committed 40448K, reserved 41344K
Event: 38.320 GC heap after
Heap after GC invocations=209 (full 0):
 garbage-first heap   total 966656K, used 317405K [0x05000000, 0x060000ec, 0x45000000)
  region size 16384K, 1 young (16384K), 1 survivors (16384K)
 Metaspace       used 34832K, capacity 40322K, committed 40448K, reserved 41344K
}

