# JRE version: Java(TM) SE Runtime Environment (8.0_121-b13) (build 1.8.0_121-b13)
# Java VM: Java HotSpot(TM) Client VM (25.121-b13 mixed mode windows-x86 )
Heap:
 garbage-first heap   total 1048576K, used 443147K [0x05000000, 0x06000100, 0x45000000)
  region size 16384K, 3 young (49152K), 1 survivors (16384K)
 Metaspace       used 45050K, capacity 53555K, committed 53632K, reserved 53632K
GC Heap History (10 events):
Event: 890.950 GC heap before
{Heap before GC invocations=1267 (full 0):
 garbage-first heap   total 1048576K, used 540145K [0x05000000, 0x06000100, 0x45000000)
  region size 16384K, 8 young (131072K), 1 survivors (16384K)
 Metaspace       used 45041K, capacity 53538K, committed 53632K, reserved 53632K
Event: 890.957 GC heap after
Heap after GC invocations=1268 (full 0):
 garbage-first heap   total 1048576K, used 423567K [0x05000000, 0x06000100, 0x45000000)
  region size 16384K, 1 young (16384K), 1 survivors (16384K)
 Metaspace       used 45041K, capacity 53538K, committed 53632K, reserved 53632K
}
Event: 892.242 GC heap before
{Heap before GC invocations=1268 (full 0):
 garbage-first heap   total 1048576K, used 538255K [0x05000000, 0x06000100, 0x45000000)
  region size 16384K, 8 young (131072K), 1 survivors (16384K)
 Metaspace       used 45041K, capacity 53538K, committed 53632K, reserved 53632K
Event: 892.247 GC heap after
Heap after GC invocations=1269 (full 0):
 garbage-first heap   total 1048576K, used 424957K [0x05000000, 0x06000100, 0x45000000)
  region size 16384K, 1 young (16384K), 1 survivors (16384K)
 Metaspace       used 45041K, capacity 53538K, committed 53632K, reserved 53632K
}
Event: 893.559 GC heap before
{Heap before GC invocations=1269 (full 0):
 garbage-first heap   total 1048576K, used 539645K [0x05000000, 0x06000100, 0x45000000)
  region size 16384K, 8 young (131072K), 1 survivors (16384K)
 Metaspace       used 45041K, capacity 53538K, committed 53632K, reserved 53632K
Event: 893.564 GC heap after
Heap after GC invocations=1270 (full 0):
 garbage-first heap   total 1048576K, used 424007K [0x05000000, 0x06000100, 0x45000000)
  region size 16384K, 1 young (16384K), 1 survivors (16384K)
 Metaspace       used 45041K, capacity 53538K, committed 53632K, reserved 53632K
}
Event: 895.242 GC heap before
{Heap before GC invocations=1270 (full 0):
 garbage-first heap   total 1048576K, used 538695K [0x05000000, 0x06000100, 0x45000000)
  region size 16384K, 8 young (131072K), 1 survivors (16384K)
 Metaspace       used 45041K, capacity 53538K, committed 53632K, reserved 53632K
Event: 895.246 GC heap after
Heap after GC invocations=1271 (full 0):
 garbage-first heap   total 1048576K, used 424894K [0x05000000, 0x06000100, 0x45000000)
  region size 16384K, 1 young (16384K), 1 survivors (16384K)
 Metaspace       used 45041K, capacity 53538K, committed 53632K, reserved 53632K
}
Event: 896.378 GC heap before
{Heap before GC invocations=1271 (full 0):
 garbage-first heap   total 1048576K, used 539582K [0x05000000, 0x06000100, 0x45000000)
  region size 16384K, 8 young (131072K), 1 survivors (16384K)
 Metaspace       used 45045K, capacity 53545K, committed 53632K, reserved 53632K
Event: 896.384 GC heap after
Heap after GC invocations=1272 (full 0):
 garbage-first heap   total 1048576K, used 426763K [0x05000000, 0x06000100, 0x45000000)
  region size 16384K, 1 young (16384K), 1 survivors (16384K)
 Metaspace       used 45045K, capacity 53545K, committed 53632K, reserved 53632K
}

