# JRE version: Java(TM) SE Runtime Environment (8.0_121-b13) (build 1.8.0_121-b13)
# Java VM: Java HotSpot(TM) Client VM (25.121-b13 mixed mode windows-x86 )
Heap:
 garbage-first heap   total 1048576K, used 465533K [0x05000000, 0x06000100, 0x45000000)
  region size 16384K, 7 young (114688K), 1 survivors (16384K)
 Metaspace       used 45286K, capacity 53932K, committed 54016K, reserved 54656K
GC Heap History (10 events):
Event: 3193.136 GC heap before
{Heap before GC invocations=2441 (full 0):
 garbage-first heap   total 1048576K, used 498316K [0x05000000, 0x06000100, 0x45000000)
  region size 16384K, 8 young (131072K), 1 survivors (16384K)
 Metaspace       used 45264K, capacity 53907K, committed 54016K, reserved 54656K
Event: 3193.140 GC heap after
Heap after GC invocations=2442 (full 0):
 garbage-first heap   total 1048576K, used 383628K [0x05000000, 0x06000100, 0x45000000)
  region size 16384K, 1 young (16384K), 1 survivors (16384K)
 Metaspace       used 45264K, capacity 53907K, committed 54016K, reserved 54656K
}
Event: 3195.559 GC heap before
{Heap before GC invocations=2442 (full 0):
 garbage-first heap   total 1048576K, used 498316K [0x05000000, 0x06000100, 0x45000000)
  region size 16384K, 8 young (131072K), 1 survivors (16384K)
 Metaspace       used 45264K, capacity 53907K, committed 54016K, reserved 54656K
Event: 3195.563 GC heap after
Heap after GC invocations=2443 (full 0):
 garbage-first heap   total 1048576K, used 383650K [0x05000000, 0x06000100, 0x45000000)
  region size 16384K, 1 young (16384K), 1 survivors (16384K)
 Metaspace       used 45264K, capacity 53907K, committed 54016K, reserved 54656K
}
Event: 3198.024 GC heap before
{Heap before GC invocations=2443 (full 0):
 garbage-first heap   total 1048576K, used 498338K [0x05000000, 0x06000100, 0x45000000)
  region size 16384K, 8 young (131072K), 1 survivors (16384K)
 Metaspace       used 45264K, capacity 53907K, committed 54016K, reserved 54656K
Event: 3198.027 GC heap after
Heap after GC invocations=2444 (full 0):
 garbage-first heap   total 1048576K, used 383699K [0x05000000, 0x06000100, 0x45000000)
  region size 16384K, 1 young (16384K), 1 survivors (16384K)
 Metaspace       used 45264K, capacity 53907K, committed 54016K, reserved 54656K
}
Event: 3200.523 GC heap before
{Heap before GC invocations=2444 (full 0):
 garbage-first heap   total 1048576K, used 498387K [0x05000000, 0x06000100, 0x45000000)
  region size 16384K, 8 young (131072K), 1 survivors (16384K)
 Metaspace       used 45264K, capacity 53907K, committed 54016K, reserved 54656K
Event: 3200.526 GC heap after
Heap after GC invocations=2445 (full 0):
 garbage-first heap   total 1048576K, used 383786K [0x05000000, 0x06000100, 0x45000000)
  region size 16384K, 1 young (16384K), 1 survivors (16384K)
 Metaspace       used 45264K, capacity 53907K, committed 54016K, reserved 54656K
}
Event: 3203.467 GC heap before
{Heap before GC invocations=2445 (full 0):
 garbage-first heap   total 1048576K, used 498474K [0x05000000, 0x06000100, 0x45000000)
  region size 16384K, 8 young (131072K), 1 survivors (16384K)
 Metaspace       used 45264K, capacity 53907K, committed 54016K, reserved 54656K
Event: 3203.471 GC heap after
Heap after GC invocations=2446 (full 0):
 garbage-first heap   total 1048576K, used 383613K [0x05000000, 0x06000100, 0x45000000)
  region size 16384K, 1 young (16384K), 1 survivors (16384K)
 Metaspace       used 45264K, capacity 53907K, committed 54016K, reserved 54656K
}

